<?xml version="1.0" encoding="UTF-8"?>
<testsuite name="com.example.DemoApplicationTests" tests="1" skipped="0" failures="0" errors="0" timestamp="2017-05-28T21:43:43" hostname="My_PC" time="0.014">
  <properties/>
  <testcase name="contextLoads" classname="com.example.DemoApplicationTests" time="0.014"/>
  <system-out><![CDATA[00:43:39.176 [Test worker] DEBUG org.springframework.test.context.junit4.SpringJUnit4ClassRunner - SpringJUnit4ClassRunner constructor called with [class com.example.DemoApplicationTests]
00:43:39.179 [Test worker] DEBUG org.springframework.test.context.BootstrapUtils - Instantiating CacheAwareContextLoaderDelegate from class [org.springframework.test.context.cache.DefaultCacheAwareContextLoaderDelegate]
00:43:39.183 [Test worker] DEBUG org.springframework.test.context.BootstrapUtils - Instantiating BootstrapContext using constructor [public org.springframework.test.context.support.DefaultBootstrapContext(java.lang.Class,org.springframework.test.context.CacheAwareContextLoaderDelegate)]
00:43:39.199 [Test worker] DEBUG org.springframework.test.context.BootstrapUtils - Instantiating TestContextBootstrapper for test class [com.example.DemoApplicationTests] from class [org.springframework.boot.test.context.SpringBootTestContextBootstrapper]
00:43:39.199 [Test worker] INFO org.springframework.boot.test.context.SpringBootTestContextBootstrapper - Neither @ContextConfiguration nor @ContextHierarchy found for test class [com.example.DemoApplicationTests], using SpringBootContextLoader
00:43:39.199 [Test worker] DEBUG org.springframework.test.context.support.AbstractContextLoader - Did not detect default resource location for test class [com.example.DemoApplicationTests]: class path resource [com/example/DemoApplicationTests-context.xml] does not exist
00:43:39.199 [Test worker] DEBUG org.springframework.test.context.support.AbstractContextLoader - Did not detect default resource location for test class [com.example.DemoApplicationTests]: class path resource [com/example/DemoApplicationTestsContext.groovy] does not exist
00:43:39.199 [Test worker] INFO org.springframework.test.context.support.AbstractContextLoader - Could not detect default resource locations for test class [com.example.DemoApplicationTests]: no resource found for suffixes {-context.xml, Context.groovy}.
00:43:39.199 [Test worker] INFO org.springframework.test.context.support.AnnotationConfigContextLoaderUtils - Could not detect default configuration classes for test class [com.example.DemoApplicationTests]: DemoApplicationTests does not declare any static, non-private, non-final, nested classes annotated with @Configuration.
00:43:39.235 [Test worker] DEBUG org.springframework.test.context.support.ActiveProfilesUtils - Could not find an 'annotation declaring class' for annotation type [org.springframework.test.context.ActiveProfiles] and class [com.example.DemoApplicationTests]
00:43:39.267 [Test worker] DEBUG org.springframework.core.env.StandardEnvironment - Adding [systemProperties] PropertySource with lowest search precedence
00:43:39.267 [Test worker] DEBUG org.springframework.core.env.StandardEnvironment - Adding [systemEnvironment] PropertySource with lowest search precedence
00:43:39.267 [Test worker] DEBUG org.springframework.core.env.StandardEnvironment - Initialized StandardEnvironment with PropertySources [systemProperties,systemEnvironment]
00:43:39.289 [Test worker] DEBUG org.springframework.core.io.support.PathMatchingResourcePatternResolver - Resolved classpath location [com/example/] to resources [URL [file:/D:/OneDrive%20-%20di.uoa.gr/SoftEng/mygradleapp/SpringSecurityLoginTutorial-master/build/classes/test/com/example/], URL [file:/D:/OneDrive%20-%20di.uoa.gr/SoftEng/mygradleapp/SpringSecurityLoginTutorial-master/build/classes/main/com/example/]]
00:43:39.290 [Test worker] DEBUG org.springframework.core.io.support.PathMatchingResourcePatternResolver - Looking for matching resources in directory tree [D:\OneDrive - di.uoa.gr\SoftEng\mygradleapp\SpringSecurityLoginTutorial-master\build\classes\test\com\example]
00:43:39.290 [Test worker] DEBUG org.springframework.core.io.support.PathMatchingResourcePatternResolver - Searching directory [D:\OneDrive - di.uoa.gr\SoftEng\mygradleapp\SpringSecurityLoginTutorial-master\build\classes\test\com\example] for files matching pattern [D:/OneDrive - di.uoa.gr/SoftEng/mygradleapp/SpringSecurityLoginTutorial-master/build/classes/test/com/example/*.class]
00:43:39.293 [Test worker] DEBUG org.springframework.core.io.support.PathMatchingResourcePatternResolver - Looking for matching resources in directory tree [D:\OneDrive - di.uoa.gr\SoftEng\mygradleapp\SpringSecurityLoginTutorial-master\build\classes\main\com\example]
00:43:39.293 [Test worker] DEBUG org.springframework.core.io.support.PathMatchingResourcePatternResolver - Searching directory [D:\OneDrive - di.uoa.gr\SoftEng\mygradleapp\SpringSecurityLoginTutorial-master\build\classes\main\com\example] for files matching pattern [D:/OneDrive - di.uoa.gr/SoftEng/mygradleapp/SpringSecurityLoginTutorial-master/build/classes/main/com/example/*.class]
00:43:39.294 [Test worker] DEBUG org.springframework.core.io.support.PathMatchingResourcePatternResolver - Resolved location pattern [classpath*:com/example/*.class] to resources [file [D:\OneDrive - di.uoa.gr\SoftEng\mygradleapp\SpringSecurityLoginTutorial-master\build\classes\test\com\example\DemoApplicationTests.class], file [D:\OneDrive - di.uoa.gr\SoftEng\mygradleapp\SpringSecurityLoginTutorial-master\build\classes\main\com\example\DemoApplication.class]]
00:43:39.315 [Test worker] DEBUG org.springframework.context.annotation.ClassPathScanningCandidateComponentProvider - Identified candidate component class: file [D:\OneDrive - di.uoa.gr\SoftEng\mygradleapp\SpringSecurityLoginTutorial-master\build\classes\main\com\example\DemoApplication.class]
00:43:39.315 [Test worker] INFO org.springframework.boot.test.context.SpringBootTestContextBootstrapper - Found @SpringBootConfiguration com.example.DemoApplication for test class com.example.DemoApplicationTests
00:43:39.330 [Test worker] DEBUG org.springframework.boot.test.context.SpringBootTestContextBootstrapper - @TestExecutionListeners is not present for class [com.example.DemoApplicationTests]: using defaults.
00:43:39.330 [Test worker] INFO org.springframework.boot.test.context.SpringBootTestContextBootstrapper - Loaded default TestExecutionListener class names from location [META-INF/spring.factories]: [org.springframework.boot.test.mock.mockito.MockitoTestExecutionListener, org.springframework.boot.test.mock.mockito.ResetMocksTestExecutionListener, org.springframework.boot.test.autoconfigure.restdocs.RestDocsTestExecutionListener, org.springframework.boot.test.autoconfigure.web.client.MockRestServiceServerResetTestExecutionListener, org.springframework.boot.test.autoconfigure.web.servlet.MockMvcPrintOnlyOnFailureTestExecutionListener, org.springframework.boot.test.autoconfigure.web.servlet.WebDriverTestExecutionListener, org.springframework.test.context.web.ServletTestExecutionListener, org.springframework.test.context.support.DirtiesContextBeforeModesTestExecutionListener, org.springframework.test.context.support.DependencyInjectionTestExecutionListener, org.springframework.test.context.support.DirtiesContextTestExecutionListener, org.springframework.test.context.transaction.TransactionalTestExecutionListener, org.springframework.test.context.jdbc.SqlScriptsTestExecutionListener]
00:43:39.346 [Test worker] INFO org.springframework.boot.test.context.SpringBootTestContextBootstrapper - Using TestExecutionListeners: [org.springframework.test.context.web.ServletTestExecutionListener@ca7744c, org.springframework.test.context.support.DirtiesContextBeforeModesTestExecutionListener@62afe43e, org.springframework.boot.test.autoconfigure.SpringBootDependencyInjectionTestExecutionListener@65c4bec4, org.springframework.test.context.support.DirtiesContextTestExecutionListener@23837400, org.springframework.test.context.transaction.TransactionalTestExecutionListener@14b17128, org.springframework.test.context.jdbc.SqlScriptsTestExecutionListener@9a2f994, org.springframework.boot.test.autoconfigure.web.client.MockRestServiceServerResetTestExecutionListener@49d054fa, org.springframework.boot.test.mock.mockito.MockitoTestExecutionListener@714b0ab4, org.springframework.boot.test.autoconfigure.web.servlet.WebDriverTestExecutionListener@6e6c1d84, org.springframework.boot.test.autoconfigure.restdocs.RestDocsTestExecutionListener@701c3784, org.springframework.boot.test.autoconfigure.web.servlet.MockMvcPrintOnlyOnFailureTestExecutionListener@3ba0daf9, org.springframework.boot.test.mock.mockito.ResetMocksTestExecutionListener@12176993]
00:43:39.346 [Test worker] DEBUG org.springframework.test.annotation.ProfileValueUtils - Retrieved @ProfileValueSourceConfiguration [null] for test class [com.example.DemoApplicationTests]
00:43:39.346 [Test worker] DEBUG org.springframework.test.annotation.ProfileValueUtils - Retrieved ProfileValueSource type [class org.springframework.test.annotation.SystemProfileValueSource] for class [com.example.DemoApplicationTests]
00:43:39.346 [Test worker] DEBUG org.springframework.test.annotation.ProfileValueUtils - Retrieved @ProfileValueSourceConfiguration [null] for test class [com.example.DemoApplicationTests]
00:43:39.346 [Test worker] DEBUG org.springframework.test.annotation.ProfileValueUtils - Retrieved ProfileValueSource type [class org.springframework.test.annotation.SystemProfileValueSource] for class [com.example.DemoApplicationTests]
00:43:39.346 [Test worker] DEBUG org.springframework.test.context.support.AbstractDirtiesContextTestExecutionListener - Before test class: context [DefaultTestContext@312796a1 testClass = DemoApplicationTests, testInstance = [null], testMethod = [null], testException = [null], mergedContextConfiguration = [WebMergedContextConfiguration@2445a3ac testClass = DemoApplicationTests, locations = '{}', classes = '{class com.example.DemoApplication}', contextInitializerClasses = '[]', activeProfiles = '{}', propertySourceLocations = '{}', propertySourceProperties = '{org.springframework.boot.test.context.SpringBootTestContextBootstrapper=true}', contextCustomizers = set[org.springframework.boot.test.context.SpringBootTestContextCustomizer@3de88c08, org.springframework.boot.test.context.filter.ExcludeFilterContextCustomizer@5afe3ab1, org.springframework.boot.test.mock.mockito.MockitoContextCustomizer@0, org.springframework.boot.test.autoconfigure.properties.PropertyMappingContextCustomizer@0, org.springframework.boot.test.autoconfigure.web.servlet.WebDriverContextCustomizerFactory$Customizer@66e3d076], resourceBasePath = 'src/main/webapp', contextLoader = 'org.springframework.boot.test.context.SpringBootContextLoader', parent = [null]]], class annotated with @DirtiesContext [false] with mode [null].
00:43:39.346 [Test worker] DEBUG org.springframework.test.annotation.ProfileValueUtils - Retrieved @ProfileValueSourceConfiguration [null] for test class [com.example.DemoApplicationTests]
00:43:39.346 [Test worker] DEBUG org.springframework.test.annotation.ProfileValueUtils - Retrieved ProfileValueSource type [class org.springframework.test.annotation.SystemProfileValueSource] for class [com.example.DemoApplicationTests]
00:43:39.377 [Test worker] DEBUG org.springframework.core.env.StandardEnvironment - Adding [systemProperties] PropertySource with lowest search precedence
00:43:39.377 [Test worker] DEBUG org.springframework.core.env.StandardEnvironment - Adding [systemEnvironment] PropertySource with lowest search precedence
00:43:39.377 [Test worker] DEBUG org.springframework.core.env.StandardEnvironment - Initialized StandardEnvironment with PropertySources [systemProperties,systemEnvironment]
00:43:39.377 [Test worker] DEBUG org.springframework.test.context.support.TestPropertySourceUtils - Adding inlined properties to environment: {spring.jmx.enabled=false, org.springframework.boot.test.context.SpringBootTestContextBootstrapper=true, server.port=-1}
00:43:39.377 [Test worker] DEBUG org.springframework.core.env.StandardEnvironment - Adding [Inlined Test Properties] PropertySource with highest search precedence

  .   ____          _            __ _ _
 /\\ / ___'_ __ _ _(_)_ __  __ _ \ \ \ \
( ( )\___ | '_ | '_| | '_ \/ _` | \ \ \ \
 \\/  ___)| |_)| | | | | || (_| |  ) ) ) )
  '  |____| .__|_| |_|_| |_\__, | / / / /
 =========|_|==============|___/=/_/_/_/
 :: Spring Boot ::        (v1.4.2.RELEASE)

2017-05-29 00:43:39.699  INFO 1188 --- [    Test worker] com.example.DemoApplicationTests         : Starting DemoApplicationTests on My_PC with PID 1188 (started by Stathis in D:\OneDrive - di.uoa.gr\SoftEng\mygradleapp\SpringSecurityLoginTutorial-master)
2017-05-29 00:43:39.699  INFO 1188 --- [    Test worker] com.example.DemoApplicationTests         : No active profile set, falling back to default profiles: default
2017-05-29 00:43:39.898  INFO 1188 --- [    Test worker] o.s.w.c.s.GenericWebApplicationContext   : Refreshing org.springframework.web.context.support.GenericWebApplicationContext@2ab5d3d0: startup date [Mon May 29 00:43:39 EEST 2017]; root of context hierarchy
2017-05-29 00:43:40.967  INFO 1188 --- [    Test worker] trationDelegate$BeanPostProcessorChecker : Bean 'org.springframework.transaction.annotation.ProxyTransactionManagementConfiguration' of type [class org.springframework.transaction.annotation.ProxyTransactionManagementConfiguration$$EnhancerBySpringCGLIB$$db4c9a69] is not eligible for getting processed by all BeanPostProcessors (for example: not eligible for auto-proxying)
2017-05-29 00:43:41.289  INFO 1188 --- [    Test worker] j.LocalContainerEntityManagerFactoryBean : Building JPA container EntityManagerFactory for persistence unit 'default'
2017-05-29 00:43:41.305  INFO 1188 --- [    Test worker] o.hibernate.jpa.internal.util.LogHelper  : HHH000204: Processing PersistenceUnitInfo [
	name: default
	...]
2017-05-29 00:43:41.352  INFO 1188 --- [    Test worker] org.hibernate.Version                    : HHH000412: Hibernate Core {5.0.11.Final}
2017-05-29 00:43:41.352  INFO 1188 --- [    Test worker] org.hibernate.cfg.Environment            : HHH000206: hibernate.properties not found
2017-05-29 00:43:41.352  INFO 1188 --- [    Test worker] org.hibernate.cfg.Environment            : HHH000021: Bytecode provider name : javassist
2017-05-29 00:43:41.383  INFO 1188 --- [    Test worker] o.hibernate.annotations.common.Version   : HCANN000001: Hibernate Commons Annotations {5.0.1.Final}
2017-05-29 00:43:41.730  INFO 1188 --- [    Test worker] org.hibernate.dialect.Dialect            : HHH000400: Using dialect: org.hibernate.dialect.MySQL5Dialect
2017-05-29 00:43:42.065  INFO 1188 --- [    Test worker] org.hibernate.tool.hbm2ddl.SchemaUpdate  : HHH000228: Running hbm2ddl schema update
2017-05-29 00:43:42.135  INFO 1188 --- [    Test worker] j.LocalContainerEntityManagerFactoryBean : Initialized JPA EntityManagerFactory for persistence unit 'default'
2017-05-29 00:43:42.735  INFO 1188 --- [    Test worker] o.s.s.web.DefaultSecurityFilterChain     : Creating filter chain: Ant [pattern='/resources/**'], []
2017-05-29 00:43:42.735  INFO 1188 --- [    Test worker] o.s.s.web.DefaultSecurityFilterChain     : Creating filter chain: Ant [pattern='/static/**'], []
2017-05-29 00:43:42.735  INFO 1188 --- [    Test worker] o.s.s.web.DefaultSecurityFilterChain     : Creating filter chain: Ant [pattern='/css/**'], []
2017-05-29 00:43:42.735  INFO 1188 --- [    Test worker] o.s.s.web.DefaultSecurityFilterChain     : Creating filter chain: Ant [pattern='/js/**'], []
2017-05-29 00:43:42.735  INFO 1188 --- [    Test worker] o.s.s.web.DefaultSecurityFilterChain     : Creating filter chain: Ant [pattern='/images/**'], []
2017-05-29 00:43:42.735  INFO 1188 --- [    Test worker] o.s.s.web.DefaultSecurityFilterChain     : Creating filter chain: Ant [pattern='/the_js_path/**'], []
2017-05-29 00:43:42.808  INFO 1188 --- [    Test worker] o.s.s.web.DefaultSecurityFilterChain     : Creating filter chain: org.springframework.security.web.util.matcher.AnyRequestMatcher@1, [org.springframework.security.web.context.request.async.WebAsyncManagerIntegrationFilter@3c5f144d, org.springframework.security.web.context.SecurityContextPersistenceFilter@199e1be1, org.springframework.security.web.header.HeaderWriterFilter@65175f83, org.springframework.security.web.authentication.logout.LogoutFilter@7ec54a7, org.springframework.security.web.authentication.UsernamePasswordAuthenticationFilter@5a2d3b3e, org.springframework.security.web.savedrequest.RequestCacheAwareFilter@6360b078, org.springframework.security.web.servletapi.SecurityContextHolderAwareRequestFilter@aa0c381, org.springframework.security.web.authentication.AnonymousAuthenticationFilter@79ddc686, org.springframework.security.web.session.SessionManagementFilter@562bf2ab, org.springframework.security.web.access.ExceptionTranslationFilter@63a254c6, org.springframework.security.web.access.intercept.FilterSecurityInterceptor@a0d933c]
2017-05-29 00:43:43.018  INFO 1188 --- [    Test worker] s.w.s.m.m.a.RequestMappingHandlerAdapter : Looking for @ControllerAdvice: org.springframework.web.context.support.GenericWebApplicationContext@2ab5d3d0: startup date [Mon May 29 00:43:39 EEST 2017]; root of context hierarchy
2017-05-29 00:43:43.076  INFO 1188 --- [    Test worker] s.w.s.m.m.a.RequestMappingHandlerMapping : Mapped "{[/ || /index],methods=[GET],produces=[application/javascript]}" onto public org.springframework.web.servlet.ModelAndView com.example.controller.LoginController.index()
2017-05-29 00:43:43.076  INFO 1188 --- [    Test worker] s.w.s.m.m.a.RequestMappingHandlerMapping : Mapped "{[/admin/home],methods=[GET]}" onto public org.springframework.web.servlet.ModelAndView com.example.controller.LoginController.home()
2017-05-29 00:43:43.076  INFO 1188 --- [    Test worker] s.w.s.m.m.a.RequestMappingHandlerMapping : Mapped "{[/login],methods=[GET]}" onto public org.springframework.web.servlet.ModelAndView com.example.controller.LoginController.login()
2017-05-29 00:43:43.076  INFO 1188 --- [    Test worker] s.w.s.m.m.a.RequestMappingHandlerMapping : Mapped "{[/registration],methods=[POST]}" onto public org.springframework.web.servlet.ModelAndView com.example.controller.LoginController.createNewUser(com.example.model.User,org.springframework.validation.BindingResult)
2017-05-29 00:43:43.076  INFO 1188 --- [    Test worker] s.w.s.m.m.a.RequestMappingHandlerMapping : Mapped "{[/registration],methods=[GET]}" onto public org.springframework.web.servlet.ModelAndView com.example.controller.LoginController.registration()
2017-05-29 00:43:43.076  INFO 1188 --- [    Test worker] s.w.s.m.m.a.RequestMappingHandlerMapping : Mapped "{[/error]}" onto public org.springframework.http.ResponseEntity<java.util.Map<java.lang.String, java.lang.Object>> org.springframework.boot.autoconfigure.web.BasicErrorController.error(javax.servlet.http.HttpServletRequest)
2017-05-29 00:43:43.076  INFO 1188 --- [    Test worker] s.w.s.m.m.a.RequestMappingHandlerMapping : Mapped "{[/error],produces=[text/html]}" onto public org.springframework.web.servlet.ModelAndView org.springframework.boot.autoconfigure.web.BasicErrorController.errorHtml(javax.servlet.http.HttpServletRequest,javax.servlet.http.HttpServletResponse)
2017-05-29 00:43:43.103  INFO 1188 --- [    Test worker] o.s.w.s.handler.SimpleUrlHandlerMapping  : Mapped URL path [/webjars/**] onto handler of type [class org.springframework.web.servlet.resource.ResourceHttpRequestHandler]
2017-05-29 00:43:43.103  INFO 1188 --- [    Test worker] o.s.w.s.handler.SimpleUrlHandlerMapping  : Mapped URL path [/**] onto handler of type [class org.springframework.web.servlet.resource.ResourceHttpRequestHandler]
2017-05-29 00:43:43.138  INFO 1188 --- [    Test worker] o.s.w.s.handler.SimpleUrlHandlerMapping  : Mapped URL path [/**/favicon.ico] onto handler of type [class org.springframework.web.servlet.resource.ResourceHttpRequestHandler]
2017-05-29 00:43:43.498  INFO 1188 --- [    Test worker] b.a.s.AuthenticationManagerConfiguration : 

Using default security password: 9c0ead86-01d4-4160-87e6-665cfb2f1b7d

2017-05-29 00:43:43.643  INFO 1188 --- [    Test worker] com.example.DemoApplicationTests         : Started DemoApplicationTests in 4.266 seconds (JVM running for 4.953)
]]></system-out>
  <system-err><![CDATA[Mon May 29 00:43:41 EEST 2017 WARN: Establishing SSL connection without server's identity verification is not recommended. According to MySQL 5.5.45+, 5.6.26+ and 5.7.6+ requirements SSL connection must be established by default if explicit option isn't set. For compliance with existing applications not using SSL the verifyServerCertificate property is set to 'false'. You need either to explicitly disable SSL by setting useSSL=false, or set useSSL=true and provide truststore for server certificate verification.
Mon May 29 00:43:41 EEST 2017 WARN: Establishing SSL connection without server's identity verification is not recommended. According to MySQL 5.5.45+, 5.6.26+ and 5.7.6+ requirements SSL connection must be established by default if explicit option isn't set. For compliance with existing applications not using SSL the verifyServerCertificate property is set to 'false'. You need either to explicitly disable SSL by setting useSSL=false, or set useSSL=true and provide truststore for server certificate verification.
Mon May 29 00:43:41 EEST 2017 WARN: Establishing SSL connection without server's identity verification is not recommended. According to MySQL 5.5.45+, 5.6.26+ and 5.7.6+ requirements SSL connection must be established by default if explicit option isn't set. For compliance with existing applications not using SSL the verifyServerCertificate property is set to 'false'. You need either to explicitly disable SSL by setting useSSL=false, or set useSSL=true and provide truststore for server certificate verification.
Mon May 29 00:43:41 EEST 2017 WARN: Establishing SSL connection without server's identity verification is not recommended. According to MySQL 5.5.45+, 5.6.26+ and 5.7.6+ requirements SSL connection must be established by default if explicit option isn't set. For compliance with existing applications not using SSL the verifyServerCertificate property is set to 'false'. You need either to explicitly disable SSL by setting useSSL=false, or set useSSL=true and provide truststore for server certificate verification.
Mon May 29 00:43:41 EEST 2017 WARN: Establishing SSL connection without server's identity verification is not recommended. According to MySQL 5.5.45+, 5.6.26+ and 5.7.6+ requirements SSL connection must be established by default if explicit option isn't set. For compliance with existing applications not using SSL the verifyServerCertificate property is set to 'false'. You need either to explicitly disable SSL by setting useSSL=false, or set useSSL=true and provide truststore for server certificate verification.
Mon May 29 00:43:41 EEST 2017 WARN: Establishing SSL connection without server's identity verification is not recommended. According to MySQL 5.5.45+, 5.6.26+ and 5.7.6+ requirements SSL connection must be established by default if explicit option isn't set. For compliance with existing applications not using SSL the verifyServerCertificate property is set to 'false'. You need either to explicitly disable SSL by setting useSSL=false, or set useSSL=true and provide truststore for server certificate verification.
Mon May 29 00:43:41 EEST 2017 WARN: Establishing SSL connection without server's identity verification is not recommended. According to MySQL 5.5.45+, 5.6.26+ and 5.7.6+ requirements SSL connection must be established by default if explicit option isn't set. For compliance with existing applications not using SSL the verifyServerCertificate property is set to 'false'. You need either to explicitly disable SSL by setting useSSL=false, or set useSSL=true and provide truststore for server certificate verification.
Mon May 29 00:43:41 EEST 2017 WARN: Establishing SSL connection without server's identity verification is not recommended. According to MySQL 5.5.45+, 5.6.26+ and 5.7.6+ requirements SSL connection must be established by default if explicit option isn't set. For compliance with existing applications not using SSL the verifyServerCertificate property is set to 'false'. You need either to explicitly disable SSL by setting useSSL=false, or set useSSL=true and provide truststore for server certificate verification.
Mon May 29 00:43:41 EEST 2017 WARN: Establishing SSL connection without server's identity verification is not recommended. According to MySQL 5.5.45+, 5.6.26+ and 5.7.6+ requirements SSL connection must be established by default if explicit option isn't set. For compliance with existing applications not using SSL the verifyServerCertificate property is set to 'false'. You need either to explicitly disable SSL by setting useSSL=false, or set useSSL=true and provide truststore for server certificate verification.
Mon May 29 00:43:41 EEST 2017 WARN: Establishing SSL connection without server's identity verification is not recommended. According to MySQL 5.5.45+, 5.6.26+ and 5.7.6+ requirements SSL connection must be established by default if explicit option isn't set. For compliance with existing applications not using SSL the verifyServerCertificate property is set to 'false'. You need either to explicitly disable SSL by setting useSSL=false, or set useSSL=true and provide truststore for server certificate verification.
]]></system-err>
</testsuite>
